[INFO ] [2023-04-12 10:49:57,048] Register - Step 01 - Navigate to home page
[INFO ] [2023-04-12 10:49:57,064] Register - Step 02 - Click to register link
[INFO ] [2023-04-12 10:49:58,817] Register - Step 03 - Enter to firstname textbox with values: Nguyen
[INFO ] [2023-04-12 10:49:58,912] Register - Step 04 - Enter to lastname textbox with values: Hao
[INFO ] [2023-04-12 10:49:58,996] Register - Step 05 - Enter to email textbox with values: bubu6938@gmail.com
[INFO ] [2023-04-12 10:49:59,098] Register - Step 06 - Enter to password textbox with values: 123456
[INFO ] [2023-04-12 10:49:59,175] Register - Step 07 - Enter to confirm password textbox with values: 123456
[INFO ] [2023-04-12 10:49:59,249] Register - Step 08 - Click to register button
[INFO ] [2023-04-12 10:50:00,417] Register - Step 09 - Verify success register message is displayed
[INFO ] [2023-04-12 10:50:00,475] Login - Step 01 - Click to login link
[INFO ] [2023-04-12 10:50:01,111] Login - Step 02 - Enter to email textbox with values: bubu6938@gmail.com
[INFO ] [2023-04-12 10:50:01,209] Login - Step 03 - Enter to password textbox with values: 123456
[INFO ] [2023-04-12 10:50:01,289] Login - Step 04 - Click to login button
[INFO ] [2023-04-12 10:50:02,441] Login - Step 05 - Init home page
[INFO ] [2023-04-12 10:50:02,441] Login - Step 06 - Verify 'My Account' link is displayed
[INFO ] [2023-04-12 10:50:02,519] Switch page - Step 01 - Click to 'My Account' link
[INFO ] [2023-04-12 10:50:03,127] Switch page - Step 02 - Open Addresses page 
[INFO ] [2023-04-12 10:50:03,740] Switch page - Step 03 - Open My product reviews page 
[INFO ] [2023-04-12 10:50:04,414] Switch page - Step 04 - Open Reward points page 
[INFO ] [2023-04-12 10:50:05,036] Switch page - Step 05 - Open Customer info page 
[INFO ] [2023-04-12 10:50:05,686] Switch page - Step 06 - Open My product reviews page 
[INFO ] [2023-04-12 11:12:03,267] Register - Step 01 - Navigate to home page
[INFO ] [2023-04-12 11:12:03,271] Register - Step 02 - Click to register link
[INFO ] [2023-04-12 11:12:08,805] Register - Step 03 - Enter to firstname textbox with values: Nguyen
[INFO ] [2023-04-12 11:12:08,897] Register - Step 04 - Enter to lastname textbox with values: Hao
[INFO ] [2023-04-12 11:12:08,971] Register - Step 05 - Enter to email textbox with values: bubu8248@gmail.com
[INFO ] [2023-04-12 11:12:09,060] Register - Step 06 - Enter to password textbox with values: 123456
[INFO ] [2023-04-12 11:12:09,133] Register - Step 07 - Enter to confirm password textbox with values: 123456
[INFO ] [2023-04-12 11:12:09,205] Register - Step 08 - Click to register button
[INFO ] [2023-04-12 11:12:11,712] Register - Step 09 - Verify success register message is displayed
[INFO ] [2023-04-12 11:12:11,768] Login - Step 01 - Click to login link
[INFO ] [2023-04-12 11:12:14,044] Login - Step 02 - Enter to email textbox with values: bubu8248@gmail.com
[INFO ] [2023-04-12 11:12:14,134] Login - Step 03 - Enter to password textbox with values: 123456
[INFO ] [2023-04-12 11:12:14,215] Login - Step 04 - Click to login button
[INFO ] [2023-04-12 11:12:16,727] Login - Step 05 - Init home page
[INFO ] [2023-04-12 11:12:16,727] Login - Step 06 - Verify 'My Account' link is displayed
[INFO ] [2023-04-12 11:12:16,803] Switch page - Step 01 - Click to 'My Account' link
[INFO ] [2023-04-12 11:12:18,609] Switch page - Step 02 - Open Addresses page 
[INFO ] [2023-04-12 11:12:19,719] Switch page - Step 03 - Open My product reviews page 
[INFO ] [2023-04-12 11:12:21,995] Switch page - Step 04 - Open Reward points page 
[INFO ] [2023-04-12 11:12:23,116] Switch page - Step 05 - Open Customer info page 
[INFO ] [2023-04-12 11:12:25,590] Switch page - Step 06 - Open My product reviews page 
[INFO ] [2023-04-12 11:19:22,300] Register - Step 01 - Navigate to home page
[INFO ] [2023-04-12 11:19:22,305] Register - Step 02 - Click to register link
[INFO ] [2023-04-12 11:19:27,631] Register - Step 03 - Enter to firstname textbox with values: Nguyen
[INFO ] [2023-04-12 11:20:02,781] Register - Step 04 - Enter to lastname textbox with values: Hao
[INFO ] [2023-04-12 11:20:02,875] Register - Step 05 - Enter to email textbox with values: bubu4798@gmail.com
[INFO ] [2023-04-12 11:20:02,970] Register - Step 06 - Enter to password textbox with values: 123456
[INFO ] [2023-04-12 11:20:03,060] Register - Step 07 - Enter to confirm password textbox with values: 123456
[INFO ] [2023-04-12 11:20:03,136] Register - Step 08 - Click to register button
[INFO ] [2023-04-12 11:20:04,321] Register - Step 09 - Verify success register message is displayed
[INFO ] [2023-04-12 11:20:04,387] Login - Step 01 - Click to login link
[INFO ] [2023-04-12 11:20:05,052] Login - Step 02 - Enter to email textbox with values: bubu4798@gmail.com
[INFO ] [2023-04-12 11:20:05,140] Login - Step 03 - Enter to password textbox with values: 123456
[INFO ] [2023-04-12 11:20:05,221] Login - Step 04 - Click to login button
[INFO ] [2023-04-12 11:20:06,828] Login - Step 05 - Init home page
[INFO ] [2023-04-12 11:20:06,828] Login - Step 06 - Verify 'My Account' link is displayed
[INFO ] [2023-04-12 11:20:06,904] Switch page - Step 01 - Click to 'My Account' link
[INFO ] [2023-04-12 11:20:08,268] Switch page - Step 02 - Open Addresses page 
[INFO ] [2023-04-12 11:20:09,434] Switch page - Step 03 - Open My product reviews page 
[INFO ] [2023-04-12 11:20:10,534] Switch page - Step 04 - Open Reward points page 
[INFO ] [2023-04-12 11:20:11,690] Switch page - Step 05 - Open Customer info page 
[INFO ] [2023-04-12 11:20:13,253] Switch page - Step 06 - Open My product reviews page 
[INFO ] [2023-04-12 11:22:54,585] Register - Step 01 - Navigate to home page
[INFO ] [2023-04-12 11:22:54,585] Register - Step 02 - Click to register link
[INFO ] [2023-04-12 11:22:56,591] Register - Step 03 - Enter to firstname textbox with values: Nguyen
[INFO ] [2023-04-12 11:22:56,685] Register - Step 04 - Enter to lastname textbox with values: Hao
[INFO ] [2023-04-12 11:22:56,765] Register - Step 05 - Enter to email textbox with values: bubu9636@gmail.com
[INFO ] [2023-04-12 11:22:56,886] Register - Step 06 - Enter to password textbox with values: 123456
[INFO ] [2023-04-12 11:22:56,966] Register - Step 07 - Enter to confirm password textbox with values: 123456
[INFO ] [2023-04-12 11:22:57,040] Register - Step 08 - Click to register button
[INFO ] [2023-04-12 11:22:58,155] Register - Step 09 - Verify success register message is displayed
[INFO ] [2023-04-12 11:22:58,225] Login - Step 01 - Click to login link
[INFO ] [2023-04-12 11:22:58,859] Login - Step 02 - Enter to email textbox with values: bubu9636@gmail.com
[INFO ] [2023-04-12 11:22:58,945] Login - Step 03 - Enter to password textbox with values: 123456
[INFO ] [2023-04-12 11:22:59,036] Login - Step 04 - Click to login button
[INFO ] [2023-04-12 11:23:00,165] Login - Step 05 - Init home page
[INFO ] [2023-04-12 11:23:00,165] Login - Step 06 - Verify 'My Account' link is displayed
[INFO ] [2023-04-12 11:23:00,245] Switch page - Step 01 - Click to 'My Account' link
[INFO ] [2023-04-12 11:23:00,869] Switch page - Step 02 - Open Addresses page 
[INFO ] [2023-04-12 11:50:28,489] Register - Step 01 - Navigate to home page
[INFO ] [2023-04-12 11:50:28,495] Register - Step 02 - Click to register link
[INFO ] [2023-04-12 11:50:30,331] Register - Step 03 - Enter to firstname textbox with values: Nguyen
[INFO ] [2023-04-12 11:50:30,421] Register - Step 04 - Enter to lastname textbox with values: Hao
[INFO ] [2023-04-12 11:50:30,514] Register - Step 05 - Enter to email textbox with values: bubu6402@gmail.com
[INFO ] [2023-04-12 11:50:30,601] Register - Step 06 - Enter to password textbox with values: 123456
[INFO ] [2023-04-12 11:50:30,683] Register - Step 07 - Enter to confirm password textbox with values: 123456
[INFO ] [2023-04-12 11:50:30,761] Register - Step 08 - Click to register button
[INFO ] [2023-04-12 11:50:31,969] Register - Step 09 - Verify success register message is displayed
[INFO ] [2023-04-12 11:50:32,032] Login - Step 01 - Click to login link
[INFO ] [2023-04-12 11:50:32,676] Login - Step 02 - Enter to email textbox with values: bubu6402@gmail.com
[INFO ] [2023-04-12 11:50:32,761] Login - Step 03 - Enter to password textbox with values: 123456
[INFO ] [2023-04-12 11:50:32,851] Login - Step 04 - Click to login button
[INFO ] [2023-04-12 11:50:33,988] Login - Step 05 - Init home page
[INFO ] [2023-04-12 11:50:33,988] Login - Step 06 - Verify 'My Account' link is displayed
[INFO ] [2023-04-12 11:50:34,066] Switch page - Step 01 - Click to 'My Account' link
[INFO ] [2023-04-12 11:50:34,675] Switch page - Step 02 - Open Addresses page 
[INFO ] [2023-04-12 11:50:35,323] Switch page - Step 03 - Open My product reviews page 
[INFO ] [2023-04-12 11:50:35,981] Switch page - Step 04 - Open Reward points page 
[INFO ] [2023-04-12 11:50:36,616] Switch page - Step 05 - Open Customer info page 
[INFO ] [2023-04-12 11:50:37,247] Switch page - Step 06 - Open My product reviews page 
[INFO ] [2023-04-12 11:52:08,147] Register - Step 01 - Navigate to home page
[INFO ] [2023-04-12 11:52:08,147] Register - Step 02 - Click to register link
[INFO ] [2023-04-12 11:52:21,154] Register - Step 03 - Enter to firstname textbox with values: Nguyen
[INFO ] [2023-04-12 11:52:21,268] Register - Step 04 - Enter to lastname textbox with values: Hao
[INFO ] [2023-04-12 11:52:21,433] Register - Step 05 - Enter to email textbox with values: bubu1861@gmail.com
[INFO ] [2023-04-12 11:52:21,573] Register - Step 06 - Enter to password textbox with values: 123456
[INFO ] [2023-04-12 11:52:21,686] Register - Step 07 - Enter to confirm password textbox with values: 123456
[INFO ] [2023-04-12 11:52:21,811] Register - Step 08 - Click to register button
[INFO ] [2023-04-12 11:52:25,667] Register - Step 09 - Verify success register message is displayed
[INFO ] [2023-04-12 11:52:25,727] Login - Step 01 - Click to login link
[INFO ] [2023-04-12 11:52:51,513] Login - Step 02 - Enter to email textbox with values: bubu1861@gmail.com
[INFO ] [2023-04-12 11:52:51,644] Login - Step 03 - Enter to password textbox with values: 123456
[INFO ] [2023-04-12 11:52:51,779] Login - Step 04 - Click to login button
[INFO ] [2023-04-12 11:52:55,391] Login - Step 05 - Init home page
[INFO ] [2023-04-12 11:52:55,391] Login - Step 06 - Verify 'My Account' link is displayed
[INFO ] [2023-04-12 11:52:55,468] Switch page - Step 01 - Click to 'My Account' link
[INFO ] [2023-04-12 11:52:58,150] Switch page - Step 02 - Open Addresses page 
[INFO ] [2023-04-12 11:52:59,289] Switch page - Step 03 - Open My product reviews page 
[INFO ] [2023-04-12 11:53:05,666] Switch page - Step 04 - Open Reward points page 
[INFO ] [2023-04-12 11:53:19,343] Switch page - Step 05 - Open Customer info page 
[INFO ] [2023-04-12 11:53:21,707] Switch page - Step 06 - Open My product reviews page 
[INFO ] [2023-04-12 15:21:09,337] Register - Step 01 - Navigate to home page
[INFO ] [2023-04-12 15:21:09,346] Register - Step 02 - Click to register link
[INFO ] [2023-04-12 15:21:11,672] Register - Step 03 - Enter to firstname textbox with values: Nguyen
[INFO ] [2023-04-12 15:21:11,758] Register - Step 04 - Enter to lastname textbox with values: Hao
[INFO ] [2023-04-12 15:21:11,837] Register - Step 05 - Enter to email textbox with values: bubu5710@gmail.com
[INFO ] [2023-04-12 15:21:11,935] Register - Step 06 - Enter to password textbox with values: 123456
[INFO ] [2023-04-12 15:21:12,011] Register - Step 07 - Enter to confirm password textbox with values: 123456
[INFO ] [2023-04-12 15:21:12,084] Register - Step 08 - Click to register button
[INFO ] [2023-04-12 15:21:13,294] Register - Step 09 - Verify success register message is displayed
[INFO ] [2023-04-12 15:21:13,351] Login - Step 01 - Click to login link
[INFO ] [2023-04-12 15:21:14,239] Login - Step 02 - Enter to email textbox with values: bubu5710@gmail.com
[INFO ] [2023-04-12 15:21:14,343] Login - Step 03 - Enter to password textbox with values: 123456
[INFO ] [2023-04-12 15:21:14,425] Login - Step 04 - Click to login button
[INFO ] [2023-04-12 15:21:15,799] Login - Step 05 - Init home page
[INFO ] [2023-04-12 15:21:15,799] Login - Step 06 - Verify 'My Account' link is displayed
[INFO ] [2023-04-12 15:21:15,879] Switch page - Step 01 - Click to 'My Account' link
[INFO ] [2023-04-12 15:21:17,075] Switch page - Step 02 - Open Addresses page 
[INFO ] [2023-04-12 15:21:17,696] Switch page - Step 03 - Open My product reviews page 
[INFO ] [2023-04-12 15:21:19,843] Switch page - Step 04 - Open Reward points page 
[INFO ] [2023-04-12 15:21:21,004] Switch page - Step 05 - Open Customer info page 
[INFO ] [2023-04-12 15:21:22,111] Switch page - Step 06 - Open My product reviews page 
[INFO ] [2023-04-12 15:21:38,464] Register - Step 01 - Navigate to home page
[INFO ] [2023-04-12 15:21:38,464] Register - Step 02 - Click to register link
[INFO ] [2023-04-12 15:21:40,204] Register - Step 03 - Enter to firstname textbox with values: Nguyen
[INFO ] [2023-04-12 15:21:40,328] Register - Step 04 - Enter to lastname textbox with values: Hao
[INFO ] [2023-04-12 15:21:40,458] Register - Step 05 - Enter to email textbox with values: bubu7332@gmail.com
[INFO ] [2023-04-12 15:21:40,619] Register - Step 06 - Enter to password textbox with values: 123456
[INFO ] [2023-04-12 15:21:40,739] Register - Step 07 - Enter to confirm password textbox with values: 123456
[INFO ] [2023-04-12 15:21:40,861] Register - Step 08 - Click to register button
[INFO ] [2023-04-12 15:21:42,070] Register - Step 09 - Verify success register message is displayed
[INFO ] [2023-04-12 15:21:42,135] Login - Step 01 - Click to login link
[INFO ] [2023-04-12 15:21:42,805] Login - Step 02 - Enter to email textbox with values: bubu7332@gmail.com
[INFO ] [2023-04-12 15:21:42,928] Login - Step 03 - Enter to password textbox with values: 123456
[INFO ] [2023-04-12 15:21:43,053] Login - Step 04 - Click to login button
[INFO ] [2023-04-12 15:21:44,244] Login - Step 05 - Init home page
[INFO ] [2023-04-12 15:21:44,244] Login - Step 06 - Verify 'My Account' link is displayed
[INFO ] [2023-04-12 15:21:44,307] Switch page - Step 01 - Click to 'My Account' link
[INFO ] [2023-04-12 15:21:45,225] Switch page - Step 02 - Open Addresses page 
[INFO ] [2023-04-12 15:21:45,830] Switch page - Step 03 - Open My product reviews page 
[INFO ] [2023-04-12 15:21:46,447] Switch page - Step 04 - Open Reward points page 
[INFO ] [2023-04-12 15:21:47,048] Switch page - Step 05 - Open Customer info page 
[INFO ] [2023-04-12 15:21:47,688] Switch page - Step 06 - Open My product reviews page 
